<?xml version="1.0" encoding="UTF-8"?>
<!-- Generated by org.testng.reporters.JUnitReportReporter -->
<testsuite hostname="DESKTOP-2BJRGTB" failures="0" tests="1" name="AnanayMahajan.Tests.Qa_selenium_test" time="11.041" errors="0" timestamp="2025-01-09T12:00:53 IST" skipped="0">
  <testcase classname="AnanayMahajan.Tests.Qa_selenium_test" name="testSearchBarForNewYork" time="11.041"/>
</testsuite> <!-- AnanayMahajan.Tests.Qa_selenium_test -->
